{"/Users/pavelvondra/Work/Coding/Portfolio/blog-app/src/helpers/publishArticle.helper.ts": {"path":"/Users/pavelvondra/Work/Coding/Portfolio/blog-app/src/helpers/publishArticle.helper.ts","statementMap":{"0":{"start":{"line":3,"column":0},"end":{"line":3,"column":58}},"1":{"start":{"line":19,"column":50},"end":{"line":61,"column":1}},"2":{"start":{"line":33,"column":6},"end":{"line":33,"column":27}},"3":{"start":{"line":35,"column":2},"end":{"line":38,"column":null}},"4":{"start":{"line":36,"column":4},"end":{"line":36,"column":30}},"5":{"start":{"line":37,"column":4},"end":{"line":37,"column":17}},"6":{"start":{"line":39,"column":2},"end":{"line":42,"column":null}},"7":{"start":{"line":40,"column":4},"end":{"line":40,"column":31}},"8":{"start":{"line":41,"column":4},"end":{"line":41,"column":17}},"9":{"start":{"line":43,"column":2},"end":{"line":46,"column":null}},"10":{"start":{"line":44,"column":4},"end":{"line":44,"column":33}},"11":{"start":{"line":45,"column":4},"end":{"line":45,"column":17}},"12":{"start":{"line":47,"column":2},"end":{"line":50,"column":null}},"13":{"start":{"line":48,"column":4},"end":{"line":48,"column":37}},"14":{"start":{"line":49,"column":4},"end":{"line":49,"column":17}},"15":{"start":{"line":51,"column":2},"end":{"line":54,"column":null}},"16":{"start":{"line":52,"column":4},"end":{"line":52,"column":30}},"17":{"start":{"line":53,"column":4},"end":{"line":53,"column":17}},"18":{"start":{"line":55,"column":2},"end":{"line":58,"column":null}},"19":{"start":{"line":56,"column":4},"end":{"line":56,"column":25}},"20":{"start":{"line":57,"column":4},"end":{"line":57,"column":16}},"21":{"start":{"line":59,"column":2},"end":{"line":59,"column":33}},"22":{"start":{"line":60,"column":2},"end":{"line":60,"column":15}},"23":{"start":{"line":63,"column":0},"end":{"line":63,"column":42}}},"fnMap":{"0":{"name":"(anonymous_0)","decl":{"start":{"line":19,"column":50},"end":{"line":19,"column":null}},"loc":{"start":{"line":24,"column":4},"end":{"line":61,"column":1}}}},"branchMap":{"0":{"loc":{"start":{"line":35,"column":2},"end":{"line":38,"column":null}},"type":"if","locations":[{"start":{"line":35,"column":2},"end":{"line":38,"column":null}}]},"1":{"loc":{"start":{"line":39,"column":2},"end":{"line":42,"column":null}},"type":"if","locations":[{"start":{"line":39,"column":2},"end":{"line":42,"column":null}}]},"2":{"loc":{"start":{"line":39,"column":6},"end":{"line":39,"column":47}},"type":"binary-expr","locations":[{"start":{"line":39,"column":6},"end":{"line":39,"column":24}},{"start":{"line":39,"column":28},"end":{"line":39,"column":47}}]},"3":{"loc":{"start":{"line":43,"column":2},"end":{"line":46,"column":null}},"type":"if","locations":[{"start":{"line":43,"column":2},"end":{"line":46,"column":null}}]},"4":{"loc":{"start":{"line":47,"column":2},"end":{"line":50,"column":null}},"type":"if","locations":[{"start":{"line":47,"column":2},"end":{"line":50,"column":null}}]},"5":{"loc":{"start":{"line":51,"column":2},"end":{"line":54,"column":null}},"type":"if","locations":[{"start":{"line":51,"column":2},"end":{"line":54,"column":null}}]},"6":{"loc":{"start":{"line":55,"column":2},"end":{"line":58,"column":null}},"type":"if","locations":[{"start":{"line":55,"column":2},"end":{"line":58,"column":null}}]},"7":{"loc":{"start":{"line":55,"column":6},"end":{"line":55,"column":74}},"type":"binary-expr","locations":[{"start":{"line":55,"column":6},"end":{"line":55,"column":18}},{"start":{"line":55,"column":22},"end":{"line":55,"column":40}},{"start":{"line":55,"column":44},"end":{"line":55,"column":74}}]}},"s":{"0":1,"1":1,"2":13,"3":13,"4":2,"5":2,"6":11,"7":2,"8":2,"9":9,"10":2,"11":2,"12":7,"13":2,"14":2,"15":5,"16":2,"17":2,"18":3,"19":2,"20":2,"21":1,"22":1,"23":1},"f":{"0":13},"b":{"0":[2],"1":[2],"2":[11,10],"3":[2],"4":[2],"5":[2],"6":[2],"7":[3,3,3]}}
,"/Users/pavelvondra/Work/Coding/Portfolio/blog-app/src/services/articlesOperations.ts": {"path":"/Users/pavelvondra/Work/Coding/Portfolio/blog-app/src/services/articlesOperations.ts","statementMap":{"0":{"start":{"line":1,"column":0},"end":{"line":1,"column":61}},"1":{"start":{"line":3,"column":28},"end":{"line":6,"column":1}},"2":{"start":{"line":4,"column":19},"end":{"line":4,"column":66}},"3":{"start":{"line":5,"column":2},"end":{"line":5,"column":18}},"4":{"start":{"line":3,"column":13},"end":{"line":3,"column":28}},"5":{"start":{"line":8,"column":29},"end":{"line":30,"column":1}},"6":{"start":{"line":15,"column":15},"end":{"line":21,"column":4}},"7":{"start":{"line":23,"column":19},"end":{"line":28,"column":4}},"8":{"start":{"line":29,"column":2},"end":{"line":29,"column":18}},"9":{"start":{"line":8,"column":13},"end":{"line":8,"column":29}},"10":{"start":{"line":32,"column":26},"end":{"line":34,"column":1}},"11":{"start":{"line":33,"column":2},"end":{"line":33,"column":64}},"12":{"start":{"line":32,"column":13},"end":{"line":32,"column":26}},"13":{"start":{"line":36,"column":29},"end":{"line":43,"column":1}},"14":{"start":{"line":40,"column":2},"end":{"line":42,"column":5}},"15":{"start":{"line":36,"column":13},"end":{"line":36,"column":29}},"16":{"start":{"line":45,"column":29},"end":{"line":53,"column":1}},"17":{"start":{"line":50,"column":2},"end":{"line":52,"column":5}},"18":{"start":{"line":45,"column":13},"end":{"line":45,"column":29}}},"fnMap":{"0":{"name":"(anonymous_0)","decl":{"start":{"line":3,"column":28},"end":{"line":3,"column":33}},"loc":{"start":{"line":3,"column":39},"end":{"line":6,"column":1}}},"1":{"name":"(anonymous_1)","decl":{"start":{"line":8,"column":29},"end":{"line":8,"column":34}},"loc":{"start":{"line":14,"column":4},"end":{"line":30,"column":1}}},"2":{"name":"(anonymous_2)","decl":{"start":{"line":32,"column":26},"end":{"line":32,"column":31}},"loc":{"start":{"line":32,"column":54},"end":{"line":34,"column":1}}},"3":{"name":"(anonymous_3)","decl":{"start":{"line":36,"column":29},"end":{"line":36,"column":34}},"loc":{"start":{"line":39,"column":4},"end":{"line":43,"column":1}}},"4":{"name":"(anonymous_4)","decl":{"start":{"line":45,"column":29},"end":{"line":45,"column":34}},"loc":{"start":{"line":49,"column":4},"end":{"line":53,"column":1}}}},"branchMap":{},"s":{"0":1,"1":1,"2":0,"3":0,"4":1,"5":1,"6":0,"7":0,"8":0,"9":1,"10":1,"11":0,"12":1,"13":1,"14":0,"15":1,"16":1,"17":0,"18":1},"f":{"0":0,"1":0,"2":0,"3":0,"4":0},"b":{}}
,"/Users/pavelvondra/Work/Coding/Portfolio/blog-app/src/services/imagesServices.ts": {"path":"/Users/pavelvondra/Work/Coding/Portfolio/blog-app/src/services/imagesServices.ts","statementMap":{"0":{"start":{"line":1,"column":0},"end":{"line":1,"column":78}},"1":{"start":{"line":5,"column":27},"end":{"line":16,"column":1}},"2":{"start":{"line":9,"column":19},"end":{"line":14,"column":4}},"3":{"start":{"line":15,"column":2},"end":{"line":15,"column":18}},"4":{"start":{"line":5,"column":13},"end":{"line":5,"column":27}},"5":{"start":{"line":18,"column":25},"end":{"line":23,"column":1}},"6":{"start":{"line":19,"column":19},"end":{"line":21,"column":4}},"7":{"start":{"line":22,"column":2},"end":{"line":22,"column":18}},"8":{"start":{"line":18,"column":13},"end":{"line":18,"column":25}},"9":{"start":{"line":25,"column":27},"end":{"line":32,"column":1}},"10":{"start":{"line":29,"column":2},"end":{"line":31,"column":5}},"11":{"start":{"line":25,"column":13},"end":{"line":25,"column":27}}},"fnMap":{"0":{"name":"(anonymous_0)","decl":{"start":{"line":5,"column":27},"end":{"line":5,"column":32}},"loc":{"start":{"line":8,"column":4},"end":{"line":16,"column":1}}},"1":{"name":"(anonymous_1)","decl":{"start":{"line":18,"column":25},"end":{"line":18,"column":30}},"loc":{"start":{"line":18,"column":51},"end":{"line":23,"column":1}}},"2":{"name":"(anonymous_2)","decl":{"start":{"line":25,"column":27},"end":{"line":25,"column":32}},"loc":{"start":{"line":28,"column":4},"end":{"line":32,"column":1}}}},"branchMap":{},"s":{"0":1,"1":1,"2":0,"3":0,"4":1,"5":1,"6":0,"7":0,"8":1,"9":1,"10":0,"11":1},"f":{"0":0,"1":0,"2":0},"b":{}}
,"/Users/pavelvondra/Work/Coding/Portfolio/blog-app/src/services/services.config.ts": {"path":"/Users/pavelvondra/Work/Coding/Portfolio/blog-app/src/services/services.config.ts","statementMap":{"0":{"start":{"line":1,"column":0},"end":{"line":1,"column":26}},"1":{"start":{"line":4,"column":13},"end":{"line":4,"column":71}},"2":{"start":{"line":5,"column":13},"end":{"line":5,"column":62}},"3":{"start":{"line":7,"column":0},"end":{"line":7,"column":null}},"4":{"start":{"line":8,"column":2},"end":{"line":8,"column":null}},"5":{"start":{"line":9,"column":2},"end":{"line":9,"column":null}},"6":{"start":{"line":10,"column":2},"end":{"line":10,"column":null}},"7":{"start":{"line":11,"column":2},"end":{"line":11,"column":null}},"8":{"start":{"line":14,"column":13},"end":{"line":19,"column":3}},"9":{"start":{"line":21,"column":13},"end":{"line":26,"column":3}}},"fnMap":{"0":{"name":"(anonymous_0)","decl":{"start":{"line":7,"column":0},"end":{"line":7,"column":12}},"loc":{"start":{"line":7,"column":22},"end":{"line":12,"column":1}}}},"branchMap":{"0":{"loc":{"start":{"line":7,"column":12},"end":{"line":7,"column":null}},"type":"binary-expr","locations":[{"start":{"line":7,"column":12},"end":{"line":7,"column":22}},{"start":{"line":7,"column":22},"end":{"line":7,"column":null}}]}},"s":{"0":1,"1":1,"2":1,"3":1,"4":1,"5":1,"6":1,"7":1,"8":1,"9":1},"f":{"0":1},"b":{"0":[1,1]}}
,"/Users/pavelvondra/Work/Coding/Portfolio/blog-app/src/utils/contants.ts": {"path":"/Users/pavelvondra/Work/Coding/Portfolio/blog-app/src/utils/contants.ts","statementMap":{"0":{"start":{"line":1,"column":0},"end":{"line":1,"column":null}},"1":{"start":{"line":2,"column":2},"end":{"line":2,"column":null}},"2":{"start":{"line":3,"column":2},"end":{"line":3,"column":null}},"3":{"start":{"line":4,"column":2},"end":{"line":4,"column":null}},"4":{"start":{"line":5,"column":2},"end":{"line":5,"column":null}},"5":{"start":{"line":7,"column":0},"end":{"line":7,"column":null}},"6":{"start":{"line":8,"column":2},"end":{"line":8,"column":null}},"7":{"start":{"line":9,"column":2},"end":{"line":9,"column":null}},"8":{"start":{"line":10,"column":2},"end":{"line":10,"column":null}},"9":{"start":{"line":13,"column":0},"end":{"line":13,"column":null}},"10":{"start":{"line":14,"column":2},"end":{"line":14,"column":null}},"11":{"start":{"line":15,"column":2},"end":{"line":15,"column":null}},"12":{"start":{"line":16,"column":2},"end":{"line":16,"column":null}},"13":{"start":{"line":17,"column":2},"end":{"line":17,"column":null}},"14":{"start":{"line":20,"column":0},"end":{"line":20,"column":null}},"15":{"start":{"line":21,"column":2},"end":{"line":21,"column":null}},"16":{"start":{"line":22,"column":2},"end":{"line":22,"column":null}},"17":{"start":{"line":23,"column":2},"end":{"line":23,"column":null}},"18":{"start":{"line":24,"column":2},"end":{"line":24,"column":null}},"19":{"start":{"line":25,"column":2},"end":{"line":25,"column":null}},"20":{"start":{"line":26,"column":2},"end":{"line":26,"column":null}},"21":{"start":{"line":27,"column":2},"end":{"line":27,"column":null}}},"fnMap":{"0":{"name":"(anonymous_0)","decl":{"start":{"line":1,"column":0},"end":{"line":1,"column":12}},"loc":{"start":{"line":1,"column":20},"end":{"line":6,"column":1}}},"1":{"name":"(anonymous_1)","decl":{"start":{"line":7,"column":0},"end":{"line":7,"column":12}},"loc":{"start":{"line":7,"column":22},"end":{"line":11,"column":1}}},"2":{"name":"(anonymous_2)","decl":{"start":{"line":13,"column":0},"end":{"line":13,"column":12}},"loc":{"start":{"line":13,"column":23},"end":{"line":18,"column":1}}},"3":{"name":"(anonymous_3)","decl":{"start":{"line":20,"column":0},"end":{"line":20,"column":12}},"loc":{"start":{"line":20,"column":33},"end":{"line":28,"column":1}}}},"branchMap":{"0":{"loc":{"start":{"line":1,"column":12},"end":{"line":1,"column":null}},"type":"binary-expr","locations":[{"start":{"line":1,"column":12},"end":{"line":1,"column":20}},{"start":{"line":1,"column":20},"end":{"line":1,"column":null}}]},"1":{"loc":{"start":{"line":7,"column":12},"end":{"line":7,"column":null}},"type":"binary-expr","locations":[{"start":{"line":7,"column":12},"end":{"line":7,"column":22}},{"start":{"line":7,"column":22},"end":{"line":7,"column":null}}]},"2":{"loc":{"start":{"line":13,"column":12},"end":{"line":13,"column":null}},"type":"binary-expr","locations":[{"start":{"line":13,"column":12},"end":{"line":13,"column":23}},{"start":{"line":13,"column":23},"end":{"line":13,"column":null}}]},"3":{"loc":{"start":{"line":20,"column":12},"end":{"line":20,"column":null}},"type":"binary-expr","locations":[{"start":{"line":20,"column":12},"end":{"line":20,"column":33}},{"start":{"line":20,"column":33},"end":{"line":20,"column":null}}]}},"s":{"0":1,"1":1,"2":1,"3":1,"4":1,"5":1,"6":1,"7":1,"8":1,"9":1,"10":1,"11":1,"12":1,"13":1,"14":1,"15":1,"16":1,"17":1,"18":1,"19":1,"20":1,"21":1},"f":{"0":1,"1":1,"2":1,"3":1},"b":{"0":[1,1],"1":[1,1],"2":[1,1],"3":[1,1]}}
,"/Users/pavelvondra/Work/Coding/Portfolio/blog-app/src/utils/date.utils.ts": {"path":"/Users/pavelvondra/Work/Coding/Portfolio/blog-app/src/utils/date.utils.ts","statementMap":{"0":{"start":{"line":4,"column":30},"end":{"line":40,"column":1}},"1":{"start":{"line":8,"column":18},"end":{"line":8,"column":40}},"2":{"start":{"line":9,"column":22},"end":{"line":9,"column":43}},"3":{"start":{"line":11,"column":2},"end":{"line":13,"column":null}},"4":{"start":{"line":12,"column":4},"end":{"line":12,"column":23}},"5":{"start":{"line":15,"column":25},"end":{"line":15,"column":74}},"6":{"start":{"line":16,"column":26},"end":{"line":16,"column":69}},"7":{"start":{"line":17,"column":25},"end":{"line":17,"column":66}},"8":{"start":{"line":18,"column":26},"end":{"line":18,"column":69}},"9":{"start":{"line":19,"column":25},"end":{"line":19,"column":72}},"10":{"start":{"line":21,"column":2},"end":{"line":23,"column":null}},"11":{"start":{"line":22,"column":4},"end":{"line":22,"column":76}},"12":{"start":{"line":24,"column":2},"end":{"line":26,"column":null}},"13":{"start":{"line":25,"column":4},"end":{"line":25,"column":79}},"14":{"start":{"line":27,"column":2},"end":{"line":32,"column":null}},"15":{"start":{"line":28,"column":4},"end":{"line":30,"column":null}},"16":{"start":{"line":29,"column":6},"end":{"line":29,"column":25}},"17":{"start":{"line":31,"column":4},"end":{"line":31,"column":40}},"18":{"start":{"line":33,"column":2},"end":{"line":35,"column":null}},"19":{"start":{"line":34,"column":4},"end":{"line":34,"column":78}},"20":{"start":{"line":36,"column":2},"end":{"line":38,"column":null}},"21":{"start":{"line":37,"column":4},"end":{"line":37,"column":78}},"22":{"start":{"line":39,"column":2},"end":{"line":39,"column":20}},"23":{"start":{"line":4,"column":13},"end":{"line":4,"column":30}},"24":{"start":{"line":42,"column":23},"end":{"line":61,"column":1}},"25":{"start":{"line":43,"column":2},"end":{"line":45,"column":null}},"26":{"start":{"line":44,"column":4},"end":{"line":44,"column":26}},"27":{"start":{"line":46,"column":31},"end":{"line":51,"column":3}},"28":{"start":{"line":47,"column":4},"end":{"line":49,"column":null}},"29":{"start":{"line":48,"column":6},"end":{"line":48,"column":26}},"30":{"start":{"line":50,"column":4},"end":{"line":50,"column":18}},"31":{"start":{"line":53,"column":15},"end":{"line":53,"column":34}},"32":{"start":{"line":54,"column":14},"end":{"line":54,"column":27}},"33":{"start":{"line":55,"column":16},"end":{"line":55,"column":31}},"34":{"start":{"line":56,"column":15},"end":{"line":56,"column":53}},"35":{"start":{"line":57,"column":26},"end":{"line":59,"column":42}},"36":{"start":{"line":60,"column":2},"end":{"line":60,"column":25}},"37":{"start":{"line":42,"column":13},"end":{"line":42,"column":23}}},"fnMap":{"0":{"name":"(anonymous_0)","decl":{"start":{"line":4,"column":30},"end":{"line":4,"column":null}},"loc":{"start":{"line":7,"column":4},"end":{"line":40,"column":1}}},"1":{"name":"(anonymous_1)","decl":{"start":{"line":42,"column":23},"end":{"line":42,"column":24}},"loc":{"start":{"line":42,"column":57},"end":{"line":61,"column":1}}},"2":{"name":"(anonymous_2)","decl":{"start":{"line":46,"column":31},"end":{"line":46,"column":32}},"loc":{"start":{"line":46,"column":50},"end":{"line":51,"column":3}}}},"branchMap":{"0":{"loc":{"start":{"line":11,"column":2},"end":{"line":13,"column":null}},"type":"if","locations":[{"start":{"line":11,"column":2},"end":{"line":13,"column":null}}]},"1":{"loc":{"start":{"line":21,"column":2},"end":{"line":23,"column":null}},"type":"if","locations":[{"start":{"line":21,"column":2},"end":{"line":23,"column":null}}]},"2":{"loc":{"start":{"line":22,"column":36},"end":{"line":22,"column":69}},"type":"binary-expr","locations":[{"start":{"line":22,"column":37},"end":{"line":22,"column":55}},{"start":{"line":22,"column":59},"end":{"line":22,"column":62}},{"start":{"line":22,"column":67},"end":{"line":22,"column":69}}]},"3":{"loc":{"start":{"line":24,"column":2},"end":{"line":26,"column":null}},"type":"if","locations":[{"start":{"line":24,"column":2},"end":{"line":26,"column":null}}]},"4":{"loc":{"start":{"line":24,"column":6},"end":{"line":24,"column":49}},"type":"binary-expr","locations":[{"start":{"line":24,"column":6},"end":{"line":24,"column":26}},{"start":{"line":24,"column":30},"end":{"line":24,"column":49}}]},"5":{"loc":{"start":{"line":25,"column":38},"end":{"line":25,"column":72}},"type":"binary-expr","locations":[{"start":{"line":25,"column":39},"end":{"line":25,"column":58}},{"start":{"line":25,"column":62},"end":{"line":25,"column":65}},{"start":{"line":25,"column":70},"end":{"line":25,"column":72}}]},"6":{"loc":{"start":{"line":27,"column":2},"end":{"line":32,"column":null}},"type":"if","locations":[{"start":{"line":27,"column":2},"end":{"line":32,"column":null}}]},"7":{"loc":{"start":{"line":27,"column":6},"end":{"line":27,"column":49}},"type":"binary-expr","locations":[{"start":{"line":27,"column":6},"end":{"line":27,"column":27}},{"start":{"line":27,"column":31},"end":{"line":27,"column":49}}]},"8":{"loc":{"start":{"line":28,"column":4},"end":{"line":30,"column":null}},"type":"if","locations":[{"start":{"line":28,"column":4},"end":{"line":30,"column":null}}]},"9":{"loc":{"start":{"line":33,"column":2},"end":{"line":35,"column":null}},"type":"if","locations":[{"start":{"line":33,"column":2},"end":{"line":35,"column":null}}]},"10":{"loc":{"start":{"line":33,"column":6},"end":{"line":33,"column":49}},"type":"binary-expr","locations":[{"start":{"line":33,"column":6},"end":{"line":33,"column":26}},{"start":{"line":33,"column":30},"end":{"line":33,"column":49}}]},"11":{"loc":{"start":{"line":34,"column":37},"end":{"line":34,"column":71}},"type":"binary-expr","locations":[{"start":{"line":34,"column":38},"end":{"line":34,"column":57}},{"start":{"line":34,"column":61},"end":{"line":34,"column":64}},{"start":{"line":34,"column":69},"end":{"line":34,"column":71}}]},"12":{"loc":{"start":{"line":36,"column":2},"end":{"line":38,"column":null}},"type":"if","locations":[{"start":{"line":36,"column":2},"end":{"line":38,"column":null}}]},"13":{"loc":{"start":{"line":36,"column":6},"end":{"line":36,"column":49}},"type":"binary-expr","locations":[{"start":{"line":36,"column":6},"end":{"line":36,"column":27}},{"start":{"line":36,"column":31},"end":{"line":36,"column":49}}]},"14":{"loc":{"start":{"line":37,"column":38},"end":{"line":37,"column":71}},"type":"binary-expr","locations":[{"start":{"line":37,"column":39},"end":{"line":37,"column":57}},{"start":{"line":37,"column":61},"end":{"line":37,"column":64}},{"start":{"line":37,"column":69},"end":{"line":37,"column":71}}]},"15":{"loc":{"start":{"line":43,"column":2},"end":{"line":45,"column":null}},"type":"if","locations":[{"start":{"line":43,"column":2},"end":{"line":45,"column":null}}]},"16":{"loc":{"start":{"line":47,"column":4},"end":{"line":49,"column":null}},"type":"if","locations":[{"start":{"line":47,"column":4},"end":{"line":49,"column":null}}]}},"s":{"0":1,"1":9,"2":9,"3":9,"4":0,"5":9,"6":9,"7":9,"8":9,"9":9,"10":9,"11":2,"12":7,"13":2,"14":5,"15":0,"16":0,"17":0,"18":5,"19":2,"20":3,"21":2,"22":1,"23":1,"24":1,"25":0,"26":0,"27":0,"28":0,"29":0,"30":0,"31":0,"32":0,"33":0,"34":0,"35":0,"36":0,"37":1},"f":{"0":9,"1":0,"2":0},"b":{"0":[0],"1":[2],"2":[2,1,1],"3":[2],"4":[7,7],"5":[2,1,1],"6":[0],"7":[5,5],"8":[0],"9":[2],"10":[5,5],"11":[2,1,1],"12":[2],"13":[3,3],"14":[2,1,1],"15":[0],"16":[0]}}
,"/Users/pavelvondra/Work/Coding/Portfolio/blog-app/src/utils/generic.utils.ts": {"path":"/Users/pavelvondra/Work/Coding/Portfolio/blog-app/src/utils/generic.utils.ts","statementMap":{"0":{"start":{"line":1,"column":0},"end":{"line":1,"column":55}},"1":{"start":{"line":3,"column":0},"end":{"line":3,"column":77}},"2":{"start":{"line":6,"column":34},"end":{"line":11,"column":1}},"3":{"start":{"line":7,"column":2},"end":{"line":9,"column":null}},"4":{"start":{"line":8,"column":4},"end":{"line":8,"column":16}},"5":{"start":{"line":10,"column":2},"end":{"line":10,"column":54}},"6":{"start":{"line":6,"column":13},"end":{"line":6,"column":34}},"7":{"start":{"line":13,"column":28},"end":{"line":29,"column":1}},"8":{"start":{"line":14,"column":19},"end":{"line":14,"column":39}},"9":{"start":{"line":15,"column":20},"end":{"line":15,"column":33}},"10":{"start":{"line":16,"column":2},"end":{"line":27,"column":null}},"11":{"start":{"line":17,"column":4},"end":{"line":26,"column":null}},"12":{"start":{"line":18,"column":6},"end":{"line":23,"column":9}},"13":{"start":{"line":19,"column":39},"end":{"line":19,"column":43}},"14":{"start":{"line":20,"column":8},"end":{"line":20,"column":68}},"15":{"start":{"line":20,"column":23},"end":{"line":20,"column":68}},"16":{"start":{"line":21,"column":8},"end":{"line":21,"column":62}},"17":{"start":{"line":21,"column":21},"end":{"line":21,"column":62}},"18":{"start":{"line":22,"column":8},"end":{"line":22,"column":27}},"19":{"start":{"line":25,"column":6},"end":{"line":25,"column":15}},"20":{"start":{"line":28,"column":2},"end":{"line":28,"column":21}},"21":{"start":{"line":13,"column":13},"end":{"line":13,"column":28}},"22":{"start":{"line":31,"column":33},"end":{"line":32,"column":26}},"23":{"start":{"line":32,"column":2},"end":{"line":32,"column":26}},"24":{"start":{"line":31,"column":13},"end":{"line":31,"column":33}}},"fnMap":{"0":{"name":"(anonymous_0)","decl":{"start":{"line":6,"column":34},"end":{"line":6,"column":35}},"loc":{"start":{"line":6,"column":66},"end":{"line":11,"column":1}}},"1":{"name":"(anonymous_1)","decl":{"start":{"line":13,"column":28},"end":{"line":13,"column":33}},"loc":{"start":{"line":13,"column":59},"end":{"line":29,"column":1}}},"2":{"name":"(anonymous_2)","decl":{"start":{"line":18,"column":16},"end":{"line":18,"column":21}},"loc":{"start":{"line":18,"column":41},"end":{"line":23,"column":7}}},"3":{"name":"(anonymous_3)","decl":{"start":{"line":31,"column":33},"end":{"line":31,"column":34}},"loc":{"start":{"line":32,"column":2},"end":{"line":32,"column":26}}}},"branchMap":{"0":{"loc":{"start":{"line":7,"column":2},"end":{"line":9,"column":null}},"type":"if","locations":[{"start":{"line":7,"column":2},"end":{"line":9,"column":null}}]},"1":{"loc":{"start":{"line":16,"column":2},"end":{"line":27,"column":null}},"type":"if","locations":[{"start":{"line":16,"column":2},"end":{"line":27,"column":null}}]},"2":{"loc":{"start":{"line":16,"column":6},"end":{"line":16,"column":33}},"type":"binary-expr","locations":[{"start":{"line":16,"column":6},"end":{"line":16,"column":11}},{"start":{"line":16,"column":15},"end":{"line":16,"column":33}}]},"3":{"loc":{"start":{"line":20,"column":8},"end":{"line":20,"column":68}},"type":"if","locations":[{"start":{"line":20,"column":8},"end":{"line":20,"column":68}}]},"4":{"loc":{"start":{"line":21,"column":8},"end":{"line":21,"column":62}},"type":"if","locations":[{"start":{"line":21,"column":8},"end":{"line":21,"column":62}}]}},"s":{"0":1,"1":1,"2":1,"3":3,"4":2,"5":1,"6":1,"7":1,"8":0,"9":0,"10":0,"11":0,"12":0,"13":0,"14":0,"15":0,"16":0,"17":0,"18":0,"19":0,"20":0,"21":1,"22":1,"23":1,"24":1},"f":{"0":3,"1":0,"2":0,"3":1},"b":{"0":[2],"1":[0],"2":[0,0],"3":[0],"4":[0]}}
}
